<?xml version="1.0" encoding="UTF-8"?>
<!-- Generated by org.testng.reporters.JUnitXMLReporter -->
<testsuite ignored="0" hostname="DESKTOP-L1SH7CM" failures="0" tests="3" name="base" time="44.459" errors="0" timestamp="2024-08-01T16:10:54 ICT">
  <testcase classname="test.test.basemain" name="submitOrder" time="15.105"/>
  <testcase classname="test.test.basemain" name="submitOrder" time="15.076"/>
  <testcase classname="test.test.basemain" name="historyOrder" time="0.987"/>
</testsuite> <!-- base -->
