<?xml version="1.0" encoding="UTF-8"?>
<!-- Generated by org.testng.reporters.JUnitXMLReporter -->
<testsuite ignored="2" hostname="DESKTOP-L1SH7CM" failures="0" tests="0" time="0.009" errors="0" timestamp="2024-07-29T11:20:01 ICT">
  <testcase classname="test.test.errorValidate" name="productValidation" time="0.0">
    <ignored/>
  </testcase> <!-- productValidation -->
  <testcase classname="test.test.errorValidate" name="loginerrorValidation" time="0.0">
    <ignored/>
  </testcase> <!-- loginerrorValidation -->
</testsuite>
