<?xml version="1.0" encoding="UTF-8"?>
<!-- Generated by org.testng.reporters.JUnitXMLReporter -->
<testsuite ignored="0" hostname="DESKTOP-L1SH7CM" failures="0" tests="3" name="base" time="61.344" errors="0" timestamp="2024-08-05T17:34:22 ICT">
  <testcase classname="test.test.basemain" name="submitOrder" time="17.133"/>
  <testcase classname="test.test.basemain" name="submitOrder" time="23.197"/>
  <testcase classname="test.test.basemain" name="historyOrder" time="1.892"/>
</testsuite> <!-- base -->
