<?xml version="1.0" encoding="UTF-8"?>
<!-- Generated by org.testng.reporters.JUnitXMLReporter -->
<testsuite ignored="1" hostname="DESKTOP-L1SH7CM" failures="1" tests="2" name="errorr" time="9.004" errors="0" timestamp="2024-08-01T16:08:40 ICT">
  <testcase classname="test.test.errorValidate" name="loginerrorValidation" time="0.483">
    <skipped/>
  </testcase> <!-- loginerrorValidation -->
  <testcase classname="test.test.errorValidate" name="loginerrorValidation" time="0.437">
    <failure type="java.lang.AssertionError" message="expected [Incorrect email or password.] but found [Incorrect email  password.]">
      <![CDATA[java.lang.AssertionError: expected [Incorrect email or password.] but found [Incorrect email  password.]
at test.test.errorValidate.loginerrorValidation(errorValidate.java:33)
at java.base/java.util.ArrayList.forEach(ArrayList.java:1596)
at java.base/java.util.concurrent.FutureTask.run(FutureTask.java:317)
at java.base/java.util.concurrent.ThreadPoolExecutor.runWorker(ThreadPoolExecutor.java:1144)
at java.base/java.util.concurrent.ThreadPoolExecutor$Worker.run(ThreadPoolExecutor.java:642)
at java.base/java.lang.Thread.run(Thread.java:1583)
... Removed 21 stack frames]]>
    </failure>
  </testcase> <!-- loginerrorValidation -->
  <testcase classname="test.test.errorValidate" name="productValidation" time="0.0">
    <ignored/>
  </testcase> <!-- productValidation -->
</testsuite> <!-- errorr -->
