<?xml version="1.0" encoding="UTF-8"?>
<!-- Generated by org.testng.reporters.JUnitXMLReporter -->
<testsuite ignored="0" hostname="DESKTOP-L1SH7CM" failures="0" tests="3" name="error" time="39.984" errors="0" timestamp="2024-08-05T17:34:04 ICT">
  <testcase classname="test.test.errorValidate" name="loginerrorValidation" time="0.843">
    <skipped/>
  </testcase> <!-- loginerrorValidation -->
  <testcase classname="test.test.errorValidate" name="loginerrorValidation" time="0.929"/>
  <testcase classname="test.test.errorValidate" name="productValidation" time="24.379"/>
</testsuite> <!-- error -->
